<?xml version="1.0" encoding="UTF-8"?>
<!-- Generated by org.testng.reporters.JUnitXMLReporter -->
<testsuite hostname="CPX-5LR2M2D5I2X" ignored="1" name="Round Two" tests="2" failures="0" timestamp="12 Nov 2018 10:54:55 GMT" time="0.022" errors="0">
  <testcase name="testOne" time="0.015" classname="basicMaven.Base2Test"/>
  <testcase name="testTwo" time="0.002" classname="basicMaven.Base2Test"/>
  <testcase name="Login" time="0.0" classname="basicMaven.Base2Test">
    <ignored/>
  </testcase> <!-- Login -->
</testsuite> <!-- Round Two -->
