<?xml version="1.0" encoding="UTF-8"?>
<!-- Generated by org.testng.reporters.JUnitXMLReporter -->
<testsuite hostname="CPX-5LR2M2D5I2X" ignored="0" name="Test" tests="9" failures="0" timestamp="12 Nov 2018 10:54:54 GMT" time="0.161" errors="0">
  <testcase name="testFive" time="0.043" classname="basicMaven.BaseTest"/>
  <testcase name="testSeven" time="0.002" classname="basicMaven.BaseTest"/>
  <testcase name="testSeven" time="0.002" classname="basicMaven.BaseTest"/>
  <testcase name="testSeven" time="0.003" classname="basicMaven.BaseTest"/>
  <testcase name="testSix" time="0.003" classname="basicMaven.BaseTest"/>
  <testcase name="testSix" time="0.003" classname="basicMaven.BaseTest"/>
  <testcase name="testSix" time="0.002" classname="basicMaven.BaseTest"/>
  <testcase name="testFour" time="0.004" classname="basicMaven.Base3Test"/>
  <testcase name="testThree" time="0.003" classname="basicMaven.Base3Test"/>
</testsuite> <!-- Test -->
