<?xml version="1.0" encoding="UTF-8"?>
<!-- Generated by org.testng.reporters.JUnitXMLReporter -->
<testsuite hostname="CPX-5LR2M2D5I2X" ignored="0" name="Test" tests="6" failures="0" timestamp="2018-11-04T15:37:18 AEDT" time="0.095" errors="0">
  <testcase name="testOne" time="0.013" classname="basicMaven.Base2Test"/>
  <testcase name="testTwo" time="0.001" classname="basicMaven.Base2Test"/>
  <testcase name="testFive" time="0.001" classname="basicMaven.BaseTest"/>
  <testcase name="testSix" time="0.0" classname="basicMaven.BaseTest"/>
  <testcase name="testFour" time="0.0" classname="basicMaven.Base3Test"/>
  <testcase name="testThree" time="0.001" classname="basicMaven.Base3Test"/>
</testsuite> <!-- Test -->
