<?xml version="1.0" encoding="UTF-8"?>
<testsuite xmlns:xsi="http://www.w3.org/2001/XMLSchema-instance" xsi:noNamespaceSchemaLocation="https://maven.apache.org/surefire/maven-surefire-plugin/xsd/surefire-test-report.xsd" name="TestSuite" time="1.014" tests="6" errors="0" skipped="0" failures="0">
  <properties>
[...]
</properties>
  <testcase name="testOne" classname="basicMaven.Base2Test" time="0.013"/>
  <testcase name="testTwo" classname="basicMaven.Base2Test" time="0"/>
  <testcase name="testFive" classname="basicMaven.BaseTest" time="0.001"/>
  <testcase name="testSix" classname="basicMaven.BaseTest" time="0.001"/>
  <testcase name="testFour" classname="basicMaven.Base3Test" time="0.002"/>
  <testcase name="testThree" classname="basicMaven.Base3Test" time="0.001"/>
</testsuite>