<?xml version="1.0" encoding="UTF-8"?>
<testng-results skipped="0" failed="0" ignored="0" total="11" passed="11">
  <reporter-output>
  </reporter-output>
  <suite name="Suite" duration-ms="214" started-at="2018-11-10T03:45:13Z" finished-at="2018-11-10T03:45:13Z">
    <groups>
      <group name="unitTest">
        <method signature="Base3Test.testThree()[pri:0, instance:basicMaven.Base3Test@77caeb3e]" name="testThree" class="basicMaven.Base3Test"/>
        <method signature="BaseTest.testFive(java.lang.String, java.lang.String)[pri:0, instance:basicMaven.BaseTest@66a3ffec]" name="testFive" class="basicMaven.BaseTest"/>
        <method signature="Base2Test.testTwo(java.lang.String)[pri:0, instance:basicMaven.Base2Test@3c0ecd4b]" name="testTwo" class="basicMaven.Base2Test"/>
      </group> <!-- unitTest -->
    </groups>
    <test name="Test" duration-ms="135" started-at="2018-11-10T03:45:13Z" finished-at="2018-11-10T03:45:13Z">
      <class name="basicMaven.BaseTest">
        <test-method status="PASS" signature="testBefore()[pri:0, instance:basicMaven.BaseTest@66a3ffec]" name="testBefore" is-config="true" duration-ms="0" started-at="2018-11-10T03:45:13Z" finished-at="2018-11-10T03:45:13Z">
          <reporter-output>
          </reporter-output>
        </test-method> <!-- testBefore -->
        <test-method status="PASS" signature="testFive(java.lang.String, java.lang.String)[pri:0, instance:basicMaven.BaseTest@66a3ffec]" name="testFive" duration-ms="8" started-at="2018-11-10T03:45:13Z" finished-at="2018-11-10T03:45:13Z">
          <params>
            <param index="0">
              <value>
                <![CDATA[www.google.com]]>
              </value>
            </param>
            <param index="1">
              <value>
                <![CDATA[admin]]>
              </value>
            </param>
          </params>
          <reporter-output>
          </reporter-output>
        </test-method> <!-- testFive -->
        <test-method status="PASS" signature="testSeven(java.lang.String, java.lang.String)[pri:0, instance:basicMaven.BaseTest@66a3ffec]" name="testSeven" duration-ms="2" started-at="2018-11-10T03:45:13Z" data-provider="dataProvider" finished-at="2018-11-10T03:45:13Z">
          <params>
            <param index="0">
              <value>
                <![CDATA[Pword-One]]>
              </value>
            </param>
            <param index="1">
              <value is-null="true"/>
            </param>
          </params>
          <reporter-output>
          </reporter-output>
        </test-method> <!-- testSeven -->
        <test-method status="PASS" signature="testSeven(java.lang.String, java.lang.String)[pri:0, instance:basicMaven.BaseTest@66a3ffec]" name="testSeven" duration-ms="5" started-at="2018-11-10T03:45:13Z" data-provider="dataProvider" finished-at="2018-11-10T03:45:13Z">
          <params>
            <param index="0">
              <value>
                <![CDATA[Uname-Two]]>
              </value>
            </param>
            <param index="1">
              <value>
                <![CDATA[Pword-Two]]>
              </value>
            </param>
          </params>
          <reporter-output>
          </reporter-output>
        </test-method> <!-- testSeven -->
        <test-method status="PASS" signature="testSeven(java.lang.String, java.lang.String)[pri:0, instance:basicMaven.BaseTest@66a3ffec]" name="testSeven" duration-ms="2" started-at="2018-11-10T03:45:13Z" data-provider="dataProvider" finished-at="2018-11-10T03:45:13Z">
          <params>
            <param index="0">
              <value>
                <![CDATA[Uname-Three]]>
              </value>
            </param>
            <param index="1">
              <value>
                <![CDATA[Pword-Three]]>
              </value>
            </param>
          </params>
          <reporter-output>
          </reporter-output>
        </test-method> <!-- testSeven -->
        <test-method status="PASS" signature="testSix(java.lang.String, java.lang.String)[pri:0, instance:basicMaven.BaseTest@66a3ffec]" name="testSix" duration-ms="3" started-at="2018-11-10T03:45:13Z" data-provider="dataProvider" finished-at="2018-11-10T03:45:13Z">
          <params>
            <param index="0">
              <value>
                <![CDATA[Pword-One]]>
              </value>
            </param>
            <param index="1">
              <value is-null="true"/>
            </param>
          </params>
          <reporter-output>
          </reporter-output>
        </test-method> <!-- testSix -->
        <test-method status="PASS" signature="testSix(java.lang.String, java.lang.String)[pri:0, instance:basicMaven.BaseTest@66a3ffec]" name="testSix" duration-ms="2" started-at="2018-11-10T03:45:13Z" data-provider="dataProvider" finished-at="2018-11-10T03:45:13Z">
          <params>
            <param index="0">
              <value>
                <![CDATA[Uname-Two]]>
              </value>
            </param>
            <param index="1">
              <value>
                <![CDATA[Pword-Two]]>
              </value>
            </param>
          </params>
          <reporter-output>
          </reporter-output>
        </test-method> <!-- testSix -->
        <test-method status="PASS" signature="testSix(java.lang.String, java.lang.String)[pri:0, instance:basicMaven.BaseTest@66a3ffec]" name="testSix" duration-ms="3" started-at="2018-11-10T03:45:13Z" data-provider="dataProvider" finished-at="2018-11-10T03:45:13Z">
          <params>
            <param index="0">
              <value>
                <![CDATA[Uname-Three]]>
              </value>
            </param>
            <param index="1">
              <value>
                <![CDATA[Pword-Three]]>
              </value>
            </param>
          </params>
          <reporter-output>
          </reporter-output>
        </test-method> <!-- testSix -->
        <test-method status="PASS" signature="testAfter()[pri:0, instance:basicMaven.BaseTest@66a3ffec]" name="testAfter" is-config="true" duration-ms="0" started-at="2018-11-10T03:45:13Z" finished-at="2018-11-10T03:45:13Z">
          <reporter-output>
          </reporter-output>
        </test-method> <!-- testAfter -->
      </class> <!-- basicMaven.BaseTest -->
      <class name="basicMaven.Base3Test">
        <test-method status="PASS" signature="testFour()[pri:0, instance:basicMaven.Base3Test@77caeb3e]" name="testFour" duration-ms="12" started-at="2018-11-10T03:45:13Z" finished-at="2018-11-10T03:45:13Z">
          <reporter-output>
          </reporter-output>
        </test-method> <!-- testFour -->
        <test-method status="PASS" signature="beforeMethod()[pri:0, instance:basicMaven.Base3Test@77caeb3e]" name="beforeMethod" is-config="true" duration-ms="0" started-at="2018-11-10T03:45:13Z" finished-at="2018-11-10T03:45:13Z">
          <reporter-output>
          </reporter-output>
        </test-method> <!-- beforeMethod -->
        <test-method status="PASS" signature="afterMethod()[pri:0, instance:basicMaven.Base3Test@77caeb3e]" name="afterMethod" is-config="true" duration-ms="1" started-at="2018-11-10T03:45:13Z" finished-at="2018-11-10T03:45:13Z">
          <reporter-output>
          </reporter-output>
        </test-method> <!-- afterMethod -->
        <test-method status="PASS" signature="beforeMethod()[pri:0, instance:basicMaven.Base3Test@77caeb3e]" name="beforeMethod" is-config="true" duration-ms="1" started-at="2018-11-10T03:45:13Z" finished-at="2018-11-10T03:45:13Z">
          <reporter-output>
          </reporter-output>
        </test-method> <!-- beforeMethod -->
        <test-method status="PASS" signature="testThree()[pri:0, instance:basicMaven.Base3Test@77caeb3e]" name="testThree" duration-ms="2" started-at="2018-11-10T03:45:13Z" finished-at="2018-11-10T03:45:13Z">
          <reporter-output>
          </reporter-output>
        </test-method> <!-- testThree -->
        <test-method status="PASS" signature="afterMethod()[pri:0, instance:basicMaven.Base3Test@77caeb3e]" name="afterMethod" is-config="true" duration-ms="1" started-at="2018-11-10T03:45:13Z" finished-at="2018-11-10T03:45:13Z">
          <reporter-output>
          </reporter-output>
        </test-method> <!-- afterMethod -->
      </class> <!-- basicMaven.Base3Test -->
    </test> <!-- Test -->
    <test name="Round Two" duration-ms="13" started-at="2018-11-10T03:45:13Z" finished-at="2018-11-10T03:45:13Z">
      <class name="basicMaven.Base2Test">
        <test-method status="PASS" signature="testOne()[pri:0, instance:basicMaven.Base2Test@3c0ecd4b]" name="testOne" duration-ms="2" started-at="2018-11-10T03:45:13Z" finished-at="2018-11-10T03:45:13Z">
          <reporter-output>
          </reporter-output>
        </test-method> <!-- testOne -->
        <test-method status="PASS" signature="testTwo(java.lang.String)[pri:0, instance:basicMaven.Base2Test@3c0ecd4b]" name="testTwo" duration-ms="1" started-at="2018-11-10T03:45:13Z" finished-at="2018-11-10T03:45:13Z">
          <params>
            <param index="0">
              <value>
                <![CDATA[www.msn.com]]>
              </value>
            </param>
          </params>
          <reporter-output>
          </reporter-output>
        </test-method> <!-- testTwo -->
      </class> <!-- basicMaven.Base2Test -->
      <class name="basicMaven.BaseTest">
        <test-method status="PASS" signature="testBeforeSuite()[pri:0, instance:basicMaven.BaseTest@66a3ffec]" name="testBeforeSuite" is-config="true" duration-ms="15" started-at="2018-11-10T03:45:13Z" finished-at="2018-11-10T03:45:13Z">
          <reporter-output>
          </reporter-output>
        </test-method> <!-- testBeforeSuite -->
        <test-method status="PASS" signature="testAfterSuite()[pri:0, instance:basicMaven.BaseTest@66a3ffec]" name="testAfterSuite" is-config="true" duration-ms="1" started-at="2018-11-10T03:45:13Z" finished-at="2018-11-10T03:45:13Z">
          <reporter-output>
          </reporter-output>
        </test-method> <!-- testAfterSuite -->
      </class> <!-- basicMaven.BaseTest -->
    </test> <!-- Round Two -->
  </suite> <!-- Suite -->
</testng-results>
